<?xml version="1.0" encoding="UTF-8"?><testsuite errors="1" failures="0" name="Login scenarios of SRK Consistecey Website" skipped="0" tests="8" time="117.21" timestamp="2023-04-13 04:21:27"><testcase name="User will try to login with wrong username"/><testcase name="User will try to login with wrong password"/><testcase name="User will try to login with wrong username and wrong password"/><testcase name="User try to login without entering username"/><testcase name="User try to login without entering password"/><testcase name="User try to login without entering username and password"/><testcase name="User try to login by entering password with capital alphabet"/><testcase name="User try to login to the Srk homepage by entering valid username and password"><error message="element click intercepted: Element &lt;img src=&quot;../images/VisitorLogo.png&quot; alt=&quot;Logo&quot;&gt; is not clickable at point (85, 65). Other element would receive the click: &lt;div class=&quot;toprightmenu&quot;&gt;...&lt;/div&gt;&#10;  (Session info: chrome=111.0.5563.148)&#10;Build info: version: '4.8.1', revision: '8ebccac989'&#10;System info: os.name: 'Windows 10', os.arch: 'amd64', os.version: '10.0', java.version: '11.0.18'&#10;Driver info: org.openqa.selenium.chrome.ChromeDriver&#10;Command: [7cc686756796184ca11cb6d817ecacda, clickElement {id=deddcc14-a254-4fd7-949b-af158bde04c2}]&#10;Capabilities {acceptInsecureCerts: true, browserName: chrome, browserVersion: 111.0.5563.148, chrome: {chromedriverVersion: 111.0.5563.64 (c710e93d5b63..., userDataDir: C:\Users\SHANI~1.KUM\AppDat...}, goog:chromeOptions: {debuggerAddress: localhost:58725}, networkConnectionEnabled: false, pageLoadStrategy: normal, platformName: WINDOWS, proxy: Proxy(), se:cdp: ws://localhost:58725/devtoo..., se:cdpVersion: 111.0.5563.148, setWindowRect: true, strictFileInteractability: false, timeouts: {implicit: 0, pageLoad: 300000, script: 30000}, unhandledPromptBehavior: dismiss and notify, webauthn:extension:credBlob: true, webauthn:extension:largeBlob: true, webauthn:extension:minPinLength: true, webauthn:extension:prf: true, webauthn:virtualAuthenticators: true}&#10;Element: [[ChromeDriver: chrome on WINDOWS (7cc686756796184ca11cb6d817ecacda)] -&gt; xpath: //img[@alt='Logo']]&#10;Session ID: 7cc686756796184ca11cb6d817ecacda&#10;Build info: version: '4.8.1', revision: '8ebccac989'&#10;System info: os.name: 'Windows 10', os.arch: 'amd64', os.version: '10.0', java.version: '11.0.18'&#10;Driver info: driver.version: unknown" type="org.openqa.selenium.ElementClickInterceptedException">element click intercepted: Element &lt;img src="../images/VisitorLogo.png" alt="Logo"&gt; is not clickable at point (85, 65). Other element would receive the click: &lt;div class="toprightmenu"&gt;...&lt;/div&gt;
  (Session info: chrome=111.0.5563.148)
Build info: version: '4.8.1', revision: '8ebccac989'
System info: os.name: 'Windows 10', os.arch: 'amd64', os.version: '10.0', java.version: '11.0.18'
Driver info: org.openqa.selenium.chrome.ChromeDriver
Command: [7cc686756796184ca11cb6d817ecacda, clickElement {id=deddcc14-a254-4fd7-949b-af158bde04c2}]
Capabilities {acceptInsecureCerts: true, browserName: chrome, browserVersion: 111.0.5563.148, chrome: {chromedriverVersion: 111.0.5563.64 (c710e93d5b63..., userDataDir: C:\Users\SHANI~1.KUM\AppDat...}, goog:chromeOptions: {debuggerAddress: localhost:58725}, networkConnectionEnabled: false, pageLoadStrategy: normal, platformName: WINDOWS, proxy: Proxy(), se:cdp: ws://localhost:58725/devtoo..., se:cdpVersion: 111.0.5563.148, setWindowRect: true, strictFileInteractability: false, timeouts: {implicit: 0, pageLoad: 300000, script: 30000}, unhandledPromptBehavior: dismiss and notify, webauthn:extension:credBlob: true, webauthn:extension:largeBlob: true, webauthn:extension:minPinLength: true, webauthn:extension:prf: true, webauthn:virtualAuthenticators: true}
Element: [[ChromeDriver: chrome on WINDOWS (7cc686756796184ca11cb6d817ecacda)] -&gt; xpath: //img[@alt='Logo']]
Session ID: 7cc686756796184ca11cb6d817ecacda
Build info: version: '4.8.1', revision: '8ebccac989'
System info: os.name: 'Windows 10', os.arch: 'amd64', os.version: '10.0', java.version: '11.0.18'
Driver info: driver.version: unknown</error><system-err>element click intercepted: Element &lt;img src="../images/VisitorLogo.png" alt="Logo"&gt; is not clickable at point (85, 65). Other element would receive the click: &lt;div class="toprightmenu"&gt;...&lt;/div&gt;
  (Session info: chrome=111.0.5563.148)
Build info: version: '4.8.1', revision: '8ebccac989'
System info: os.name: 'Windows 10', os.arch: 'amd64', os.version: '10.0', java.version: '11.0.18'
Driver info: org.openqa.selenium.chrome.ChromeDriver
Command: [7cc686756796184ca11cb6d817ecacda, clickElement {id=deddcc14-a254-4fd7-949b-af158bde04c2}]
Capabilities {acceptInsecureCerts: true, browserName: chrome, browserVersion: 111.0.5563.148, chrome: {chromedriverVersion: 111.0.5563.64 (c710e93d5b63..., userDataDir: C:\Users\SHANI~1.KUM\AppDat...}, goog:chromeOptions: {debuggerAddress: localhost:58725}, networkConnectionEnabled: false, pageLoadStrategy: normal, platformName: WINDOWS, proxy: Proxy(), se:cdp: ws://localhost:58725/devtoo..., se:cdpVersion: 111.0.5563.148, setWindowRect: true, strictFileInteractability: false, timeouts: {implicit: 0, pageLoad: 300000, script: 30000}, unhandledPromptBehavior: dismiss and notify, webauthn:extension:credBlob: true, webauthn:extension:largeBlob: true, webauthn:extension:minPinLength: true, webauthn:extension:prf: true, webauthn:virtualAuthenticators: true}
Element: [[ChromeDriver: chrome on WINDOWS (7cc686756796184ca11cb6d817ecacda)] -&gt; xpath: //img[@alt='Logo']]
Session ID: 7cc686756796184ca11cb6d817ecacda
Build info: version: '4.8.1', revision: '8ebccac989'
System info: os.name: 'Windows 10', os.arch: 'amd64', os.version: '10.0', java.version: '11.0.18'
Driver info: driver.version: unknown&#13;
ui.LoginPage.homePage(LoginPage.java:97)&#13;
stepdefs.LoginStepDef.successLogin(LoginStepDef.java:84)&#13;
✽.User should successfully login(file:///C:/Users/Shani.Kumar/IdeaProjects/solution/project/TestSwag/src/test/resources/features/login.feature:80)&#13;
</system-err></testcase></testsuite>