<?xml version="1.0" encoding="UTF-8"?><testsuite errors="7" failures="0" name="Login Scenarios Automation tests" skipped="0" tests="7" time="51.76" timestamp="2023-03-31 11:33:40"><testcase name="User will try to login with wrong password"><error type="java.lang.NullPointerException"/><system-err>null&#13;
util.UtilFactory.readJSON(UtilFactory.java:83)&#13;
stepdefs.LoginStepDef.clickOnLogin(LoginStepDef.java:51)&#13;
✽.User enters username and password(file:///C:/Users/Shani.Kumar/IdeaProjects/solution/project/TestSwag/src/test/resources/features/login.feature:7)&#13;
</system-err></testcase><testcase name="User will try to login with wrong username and wrong password"><error type="java.lang.NullPointerException"/><system-err>null&#13;
util.UtilFactory.readJSON(UtilFactory.java:83)&#13;
stepdefs.LoginStepDef.clickOnLogin(LoginStepDef.java:51)&#13;
✽.User enters username and password(file:///C:/Users/Shani.Kumar/IdeaProjects/solution/project/TestSwag/src/test/resources/features/login.feature:23)&#13;
</system-err></testcase><testcase name="User try to login without entering username"><error type="java.lang.NullPointerException"/><system-err>null&#13;
util.UtilFactory.readJSON(UtilFactory.java:83)&#13;
stepdefs.LoginStepDef.clickOnLogin(LoginStepDef.java:51)&#13;
✽.User enters username and password(file:///C:/Users/Shani.Kumar/IdeaProjects/solution/project/TestSwag/src/test/resources/features/login.feature:32)&#13;
</system-err></testcase><testcase name="User try to login without entering password"><error type="java.lang.NullPointerException"/><system-err>null&#13;
util.UtilFactory.readJSON(UtilFactory.java:83)&#13;
stepdefs.LoginStepDef.clickOnLogin(LoginStepDef.java:51)&#13;
✽.User enters username and password(file:///C:/Users/Shani.Kumar/IdeaProjects/solution/project/TestSwag/src/test/resources/features/login.feature:41)&#13;
</system-err></testcase><testcase name="User try to login without entering username and password"><error type="java.lang.NullPointerException"/><system-err>null&#13;
util.UtilFactory.readJSON(UtilFactory.java:83)&#13;
stepdefs.LoginStepDef.clickOnLogin(LoginStepDef.java:51)&#13;
✽.User enters username and password(file:///C:/Users/Shani.Kumar/IdeaProjects/solution/project/TestSwag/src/test/resources/features/login.feature:50)&#13;
</system-err></testcase><testcase name="User try to login by entering password with capital alphabet"><error type="java.lang.NullPointerException"/><system-err>null&#13;
util.UtilFactory.readJSON(UtilFactory.java:83)&#13;
stepdefs.LoginStepDef.clickOnLogin(LoginStepDef.java:51)&#13;
✽.User enters username and password(file:///C:/Users/Shani.Kumar/IdeaProjects/solution/project/TestSwag/src/test/resources/features/login.feature:59)&#13;
</system-err></testcase><testcase name="User try to login to the Srk homepage by entering valid username and password"><error type="java.lang.NullPointerException"/><system-err>null&#13;
util.UtilFactory.readJSON(UtilFactory.java:83)&#13;
stepdefs.LoginStepDef.clickOnLogin(LoginStepDef.java:51)&#13;
✽.User enters username and password(file:///C:/Users/Shani.Kumar/IdeaProjects/solution/project/TestSwag/src/test/resources/features/login.feature:68)&#13;
</system-err></testcase></testsuite>