<?xml version="1.0" encoding="UTF-8"?><testsuite errors="0" failures="0" name="Login scenarios of SRK Consistecey Website" skipped="8" tests="8" time="0.76" timestamp="2023-03-31 09:49:56"><testcase name="User will try to login with wrong username"><skipped/></testcase><testcase name="User will try to login with wrong password"><skipped/></testcase><testcase name="User will try to login with wrong username and wrong password"><skipped/></testcase><testcase name="User try to login without entering username"><skipped/></testcase><testcase name="User try to login without entering password"><skipped/></testcase><testcase name="User try to login without entering username and password"><skipped/></testcase><testcase name="User try to login by entering password with capital alphabet"><skipped/></testcase><testcase name="User try to login to the Easy-Appointments homepage by entering valid username and password"><skipped/></testcase></testsuite>